<?xml version="1.0" encoding="UTF-8"?>
<!-- Generated by org.testng.reporters.JUnitReportReporter -->
<testsuite skipped="0" hostname="HP-PC" name="testing.NewTest" tests="1" failures="0" timestamp="22 Feb 2020 03:51:53 GMT" time="0.021" errors="0">
  <testcase name="f" time="0.021" classname="testing.NewTest"/>
</testsuite> <!-- testing.NewTest -->
