<?xml version="1.0" encoding="UTF-8"?>
<!-- Generated by org.testng.reporters.JUnitReportReporter -->
<testsuite hostname="HP-PC" name="testing.NewTest" tests="1" failures="0" timestamp="22 Feb 2020 11:32:21 GMT" time="0.001" errors="0">
  <testcase name="f" time="0.001" classname="testing.NewTest"/>
</testsuite> <!-- testing.NewTest -->
