<?xml version="1.0" encoding="UTF-8"?>
<!-- Generated by org.testng.reporters.JUnitReportReporter -->
<testsuite hostname="HP-PC" name="testing.LoginTest" tests="1" failures="0" timestamp="22 Feb 2020 04:32:20 GMT" time="0.008" errors="0">
  <testcase name="loginTest" time="0.008" classname="testing.LoginTest"/>
</testsuite> <!-- testing.LoginTest -->
